jul 24, 2019 12:17:59 PM com.readerxml.controller.LectorXML registrarAviso
ADVERTENCIA: REGISTRO EXITOSO, PARA EL ENVIO DE CORREO
jul 24, 2019 12:17:59 PM com.readerxml.LectorEmail lecturaBuzon
ADVERTENCIA: SOLO SE ACEPTAN EMAIL CON DOS ARCHIVOS ADJUNTOS, XML Y PDF
jul 24, 2019 12:18:59 PM com.readerxml.controller.LectorXML registrarAviso
ADVERTENCIA: REGISTRO EXITOSO, PARA EL ENVIO DE CORREO
jul 24, 2019 12:18:59 PM com.readerxml.LectorEmail lecturaBuzon
ADVERTENCIA: SOLO SE ACEPTAN EMAIL CON DOS ARCHIVOS ADJUNTOS, XML Y PDF
jul 24, 2019 12:19:02 PM com.readerxml.controller.LectorXML registrarAviso
ADVERTENCIA: REGISTRO EXITOSO, PARA EL ENVIO DE CORREO
jul 24, 2019 12:19:02 PM com.readerxml.LectorEmail lecturaBuzon
ADVERTENCIA: SOLO SE ACEPTAN EMAIL CON DOS ARCHIVOS ADJUNTOS, XML Y PDF
jul 24, 2019 12:19:07 PM com.readerxml.controller.LectorXML registrarAviso
ADVERTENCIA: REGISTRO EXITOSO, PARA EL ENVIO DE CORREO
jul 24, 2019 12:19:07 PM com.readerxml.LectorEmail lecturaBuzon
ADVERTENCIA: SOLO SE ACEPTAN EMAIL CON DOS ARCHIVOS ADJUNTOS, XML Y PDF
jul 24, 2019 12:19:37 PM com.readerxml.controller.LectorXML registrarAviso
ADVERTENCIA: REGISTRO EXITOSO, PARA EL ENVIO DE CORREO
jul 24, 2019 12:19:37 PM com.readerxml.LectorEmail lecturaBuzon
ADVERTENCIA: SOLO SE ACEPTAN EMAIL CON DOS ARCHIVOS ADJUNTOS, XML Y PDF
jul 24, 2019 12:19:52 PM com.readerxml.controller.LectorXML registrarAviso
ADVERTENCIA: REGISTRO EXITOSO, PARA EL ENVIO DE CORREO
jul 24, 2019 12:19:52 PM com.readerxml.LectorEmail lecturaBuzon
ADVERTENCIA: SOLO SE ACEPTAN EMAIL CON DOS ARCHIVOS ADJUNTOS, XML Y PDF
jul 24, 2019 12:19:53 PM com.readerxml.controller.LectorXML registrarAviso
ADVERTENCIA: REGISTRO EXITOSO, PARA EL ENVIO DE CORREO
jul 24, 2019 12:19:53 PM com.readerxml.LectorEmail lecturaBuzon
ADVERTENCIA: SOLO SE ACEPTAN EMAIL CON DOS ARCHIVOS ADJUNTOS, XML Y PDF
jul 24, 2019 12:19:54 PM com.readerxml.controller.LectorXML registrarAviso
ADVERTENCIA: REGISTRO EXITOSO, PARA EL ENVIO DE CORREO
jul 24, 2019 12:19:54 PM com.readerxml.LectorEmail lecturaBuzon
ADVERTENCIA: SOLO SE ACEPTAN EMAIL CON DOS ARCHIVOS ADJUNTOS, XML Y PDF
jul 24, 2019 12:21:27 PM com.readerxml.controller.LectorXML registrarAviso
ADVERTENCIA: REGISTRO EXITOSO, PARA EL ENVIO DE CORREO
jul 24, 2019 12:21:27 PM com.readerxml.LectorEmail lecturaBuzon
ADVERTENCIA: SOLO SE ACEPTAN EMAIL CON DOS ARCHIVOS ADJUNTOS, XML Y PDF
jul 24, 2019 12:21:35 PM com.readerxml.controller.LectorXML registrarAviso
ADVERTENCIA: REGISTRO EXITOSO, PARA EL ENVIO DE CORREO
jul 24, 2019 12:21:35 PM com.readerxml.LectorEmail lecturaBuzon
ADVERTENCIA: SOLO SE ACEPTAN EMAIL CON DOS ARCHIVOS ADJUNTOS, XML Y PDF
jul 24, 2019 12:21:42 PM com.readerxml.controller.LectorXML registrarAviso
ADVERTENCIA: REGISTRO EXITOSO, PARA EL ENVIO DE CORREO
jul 24, 2019 12:21:42 PM com.readerxml.LectorEmail lecturaBuzon
ADVERTENCIA: SOLO SE ACEPTAN EMAIL CON DOS ARCHIVOS ADJUNTOS, XML Y PDF
jul 24, 2019 12:21:43 PM com.readerxml.controller.LectorXML registrarAviso
ADVERTENCIA: REGISTRO EXITOSO, PARA EL ENVIO DE CORREO
jul 24, 2019 12:21:43 PM com.readerxml.LectorEmail lecturaBuzon
ADVERTENCIA: SOLO SE ACEPTAN EMAIL CON DOS ARCHIVOS ADJUNTOS, XML Y PDF
jul 24, 2019 12:21:44 PM com.readerxml.controller.LectorXML registrarAviso
ADVERTENCIA: REGISTRO EXITOSO, PARA EL ENVIO DE CORREO
jul 24, 2019 12:21:44 PM com.readerxml.LectorEmail lecturaBuzon
ADVERTENCIA: SOLO SE ACEPTAN EMAIL CON DOS ARCHIVOS ADJUNTOS, XML Y PDF
jul 24, 2019 12:21:56 PM com.readerxml.controller.Xml getNumeroDocumentoReceptor
ADVERTENCIA: EL XML NO CUENTA CON LA ETIQUETA '<NUMERO DE DOCUMENTO RECEPTOR>'
jul 24, 2019 12:21:56 PM com.readerxml.controller.LectorXML registrarError
ADVERTENCIA: REGISTRO EXITOSO, PARA EL ENVIO DE CORREO
jul 24, 2019 12:21:56 PM com.readerxml.controller.LectorXML registrarErrorLog
ADVERTENCIA: tci-pos-movil@tci.net.pe
jul 24, 2019 12:21:56 PM com.readerxml.controller.LectorXML registrarErrorLog
ADVERTENCIA: Comprobante Emitido
jul 24, 2019 12:21:56 PM com.readerxml.controller.LectorXML registrarErrorLog
ADVERTENCIA: 24/07/2019 12:16:25 PM
jul 24, 2019 12:21:56 PM com.readerxml.controller.LectorXML registrarErrorLog
ADVERTENCIA: *********************
jul 24, 2019 12:21:57 PM com.readerxml.controller.Xml getPrecioProducto
ADVERTENCIA: EL XML NO CUENTA CON LA ETIQUETA '<PRECIO>'
jul 24, 2019 12:21:57 PM com.readerxml.controller.LectorXML registrarAviso
ADVERTENCIA: REGISTRO EXITOSO, PARA EL ENVIO DE CORREO
jul 24, 2019 12:21:57 PM com.readerxml.LectorEmail lecturaBuzon
GRAVE: NO SE PUDO RECUPERAR EL XML ADJUNTO EN EL BUZON: ( REALIZAR NUEVO ADJUNTO DE ARCHIVOS )
jul 24, 2019 12:24:10 PM com.readerxml.controller.LectorXML registrarAviso
ADVERTENCIA: REGISTRO EXITOSO, PARA EL ENVIO DE CORREO
jul 24, 2019 12:24:10 PM com.readerxml.LectorEmail lecturaBuzon
ADVERTENCIA: SOLO SE ACEPTAN EMAIL CON DOS ARCHIVOS ADJUNTOS, XML Y PDF
jul 24, 2019 12:32:18 PM com.readerxml.controller.Xml getcodigoProducto
ADVERTENCIA: EL XML NO CUENTA CON LA ETIQUETA '<CODIGO PRODUCTO>'
jul 24, 2019 12:33:59 PM com.readerxml.controller.LectorXML registrarAviso
ADVERTENCIA: REGISTRO EXITOSO, PARA EL ENVIO DE CORREO
jul 24, 2019 12:33:59 PM com.readerxml.LectorEmail lecturaBuzon
ADVERTENCIA: SOLO SE ACEPTAN EMAIL CON DOS ARCHIVOS ADJUNTOS, XML Y PDF
jul 24, 2019 12:35:33 PM com.readerxml.controller.Xml getcodigoProducto
ADVERTENCIA: EL XML NO CUENTA CON LA ETIQUETA '<CODIGO PRODUCTO>'
jul 24, 2019 12:36:19 PM com.readerxml.controller.LectorXML registrarAviso
ADVERTENCIA: REGISTRO EXITOSO, PARA EL ENVIO DE CORREO
jul 24, 2019 12:36:19 PM com.readerxml.LectorEmail lecturaBuzon
ADVERTENCIA: SOLO SE ACEPTAN EMAIL CON DOS ARCHIVOS ADJUNTOS, XML Y PDF
jul 24, 2019 12:44:38 PM com.readerxml.controller.LectorXML registrarAviso
ADVERTENCIA: REGISTRO EXITOSO, PARA EL ENVIO DE CORREO
jul 24, 2019 12:44:38 PM com.readerxml.LectorEmail lecturaBuzon
ADVERTENCIA: SOLO SE ACEPTAN EMAIL CON DOS ARCHIVOS ADJUNTOS, XML Y PDF
jul 24, 2019 12:59:15 PM com.readerxml.controller.Xml getcodigoProducto
ADVERTENCIA: EL XML NO CUENTA CON LA ETIQUETA '<CODIGO PRODUCTO>'
jul 24, 2019 12:59:15 PM com.readerxml.controller.Xml getcodigoProducto
ADVERTENCIA: EL XML NO CUENTA CON LA ETIQUETA '<CODIGO PRODUCTO>'
jul 24, 2019 12:59:15 PM com.readerxml.controller.Xml getcodigoProducto
ADVERTENCIA: EL XML NO CUENTA CON LA ETIQUETA '<CODIGO PRODUCTO>'
jul 24, 2019 12:59:15 PM com.readerxml.controller.Xml getcodigoProducto
ADVERTENCIA: EL XML NO CUENTA CON LA ETIQUETA '<CODIGO PRODUCTO>'
jul 24, 2019 12:59:15 PM com.readerxml.controller.Xml getcodigoProducto
ADVERTENCIA: EL XML NO CUENTA CON LA ETIQUETA '<CODIGO PRODUCTO>'
jul 24, 2019 12:59:15 PM com.readerxml.controller.Xml getcodigoProducto
ADVERTENCIA: EL XML NO CUENTA CON LA ETIQUETA '<CODIGO PRODUCTO>'
jul 24, 2019 12:59:15 PM com.readerxml.controller.Xml getcodigoProducto
ADVERTENCIA: EL XML NO CUENTA CON LA ETIQUETA '<CODIGO PRODUCTO>'
jul 24, 2019 12:59:15 PM com.readerxml.controller.Xml getcodigoProducto
ADVERTENCIA: EL XML NO CUENTA CON LA ETIQUETA '<CODIGO PRODUCTO>'
jul 24, 2019 12:59:15 PM com.readerxml.controller.Xml getcodigoProducto
ADVERTENCIA: EL XML NO CUENTA CON LA ETIQUETA '<CODIGO PRODUCTO>'
jul 24, 2019 12:59:15 PM com.readerxml.controller.Xml getcodigoProducto
ADVERTENCIA: EL XML NO CUENTA CON LA ETIQUETA '<CODIGO PRODUCTO>'
jul 24, 2019 12:59:15 PM com.readerxml.controller.Xml getcodigoProducto
ADVERTENCIA: EL XML NO CUENTA CON LA ETIQUETA '<CODIGO PRODUCTO>'
